hse-cc-phone-app/build/outputs/logs/manifest-merger-release-report.txt
-- Merging decision tree log ---
manifest
ADDED from src\main\AndroidManifest.xml:2:1-45:12
INJECTED from src\main\AndroidManifest.xml:2:1-45:12
INJECTED from src\main\AndroidManifest.xml:2:1-45:12
INJECTED from src\main\AndroidManifest.xml:2:1-45:12
INJECTED from src\main\AndroidManifest.xml:2:1-45:12
INJECTED from src\main\AndroidManifest.xml:2:1-45:12
INJECTED from src\main\AndroidManifest.xml:2:1-45:12
	package
		ADDED from src\main\AndroidManifest.xml:4:5-34
		INJECTED from src\main\AndroidManifest.xml
		INJECTED from src\main\AndroidManifest.xml
	android:versionName
		ADDED from src\main\AndroidManifest.xml:6:5-41
		INJECTED from src\main\AndroidManifest.xml
		INJECTED from src\main\AndroidManifest.xml
	xmlns:tools
		ADDED from src\main\AndroidManifest.xml:3:5-51
	xmlns:android
		ADDED from src\main\AndroidManifest.xml:2:11-69
	android:versionCode
		ADDED from src\main\AndroidManifest.xml:5:5-28
		INJECTED from src\main\AndroidManifest.xml
		INJECTED from src\main\AndroidManifest.xml
uses-sdk
ADDED from src\main\AndroidManifest.xml:8:5-47
INJECTED from src\main\AndroidManifest.xml:8:5-47
INJECTED from src\main\AndroidManifest.xml:8:5-47
INJECTED from src\main\AndroidManifest.xml:8:5-47
INJECTED from src\main\AndroidManifest.xml:8:5-47
	android:targetSdkVersion
		ADDED from src\main\AndroidManifest.xml:8:15-44
		INJECTED from src\main\AndroidManifest.xml
		INJECTED from src\main\AndroidManifest.xml
	android:minSdkVersion
		INJECTED from src\main\AndroidManifest.xml
		ADDED from src\main\AndroidManifest.xml:8:5-47
		INJECTED from src\main\AndroidManifest.xml
uses-permission#android.permission.WRITE_EXTERNAL_STORAGE
ADDED from src\main\AndroidManifest.xml:10:5-81
	android:name
		ADDED from src\main\AndroidManifest.xml:10:22-78
uses-permission#android.permission.READ_PHONE_STATE
ADDED from src\main\AndroidManifest.xml:11:5-75
	android:name
		ADDED from src\main\AndroidManifest.xml:11:22-72
uses-permission#android.permission.READ_EXTERNAL_STORAGE
ADDED from src\main\AndroidManifest.xml:12:5-80
	android:name
		ADDED from src\main\AndroidManifest.xml:12:22-77
uses-permission#android.permission.VIBRATE
ADDED from src\main\AndroidManifest.xml:13:5-65
	android:name
		ADDED from src\main\AndroidManifest.xml:13:22-63
application
ADDED from src\main\AndroidManifest.xml:15:5-43:19
	android:label
		ADDED from src\main\AndroidManifest.xml:18:9-41
	android:icon
		ADDED from src\main\AndroidManifest.xml:17:9-45
	android:allowBackup
		ADDED from src\main\AndroidManifest.xml:16:9-35
	android:theme
		ADDED from src\main\AndroidManifest.xml:19:9-40
	tools:replace
		ADDED from src\main\AndroidManifest.xml:20:9-37
activity#com.hd.hse.cc.phone.ui.activity.worktask.TaskTabulationActivity
ADDED from src\main\AndroidManifest.xml:21:9-25:58
	android:screenOrientation
		ADDED from src\main\AndroidManifest.xml:24:13-49
	android:windowSoftInputMode
		ADDED from src\main\AndroidManifest.xml:25:13-55
	android:configChanges
		ADDED from src\main\AndroidManifest.xml:23:13-74
	android:name
		ADDED from src\main\AndroidManifest.xml:22:13-72
activity#com.hd.hse.cc.phone.ui.activity.cancel.WorkOrderCanelActivity
ADDED from src\main\AndroidManifest.xml:26:9-30:58
	android:screenOrientation
		ADDED from src\main\AndroidManifest.xml:29:13-49
	android:windowSoftInputMode
		ADDED from src\main\AndroidManifest.xml:30:13-55
	android:configChanges
		ADDED from src\main\AndroidManifest.xml:28:13-74
	android:name
		ADDED from src\main\AndroidManifest.xml:27:13-70
activity#com.hd.hse.cc.phone.ui.activity.close.WorkOrderCloseActivity
ADDED from src\main\AndroidManifest.xml:31:9-35:58
	android:screenOrientation
		ADDED from src\main\AndroidManifest.xml:34:13-49
	android:windowSoftInputMode
		ADDED from src\main\AndroidManifest.xml:35:13-55
	android:configChanges
		ADDED from src\main\AndroidManifest.xml:33:13-74
	android:name
		ADDED from src\main\AndroidManifest.xml:32:13-69
activity#com.hd.hse.cc.phone.ui.activity.pause.WorkOrderPauseActivity
ADDED from src\main\AndroidManifest.xml:36:9-40:58
	android:screenOrientation
		ADDED from src\main\AndroidManifest.xml:39:13-49
	android:windowSoftInputMode
		ADDED from src\main\AndroidManifest.xml:40:13-55
	android:configChanges
		ADDED from src\main\AndroidManifest.xml:38:13-74
	android:name
		ADDED from src\main\AndroidManifest.xml:37:13-69
activity#com.hd.hse.cc.phone.ui.activity.interrupt.WorkOrderInterruptActivity
ADDED from src\main\AndroidManifest.xml:41:9-86
	android:name
		ADDED from src\main\AndroidManifest.xml:41:19-83
activity#com.hd.hse.cc.phone.ui.activity.interruptend.WorkOrderInterruptEndActivity
ADDED from src\main\AndroidManifest.xml:42:9-101
	android:name
		ADDED from src\main\AndroidManifest.xml:42:19-89